<?xml version="1.0" encoding="UTF-8"?>
<testng-results ignored="0" total="1" passed="1" failed="0" skipped="0">
  <reporter-output>
  </reporter-output>
  <suite started-at="2023-09-05T10:00:36 CST" name="Default suite" finished-at="2023-09-05T10:00:43 CST" duration-ms="6557">
    <groups>
    </groups>
    <test started-at="2023-09-05T10:00:36 CST" name="Default test" finished-at="2023-09-05T10:00:43 CST" duration-ms="6557">
      <class name="Tests.LoginTests.LoginTestCases">
        <test-method is-config="true" signature="SetUp()[pri:0, instance:Tests.LoginTests.LoginTestCases@152aa092]" started-at="2023-09-05T10:00:36 CST" name="SetUp" finished-at="2023-09-05T10:00:42 CST" duration-ms="5599" status="PASS">
          <reporter-output>
          </reporter-output>
        </test-method> <!-- SetUp -->
        <test-method signature="ValidLoginTest()[pri:0, instance:Tests.LoginTests.LoginTestCases@152aa092]" started-at="2023-09-05T10:00:42 CST" name="ValidLoginTest" finished-at="2023-09-05T10:00:42 CST" duration-ms="547" status="PASS">
          <reporter-output>
          </reporter-output>
        </test-method> <!-- ValidLoginTest -->
        <test-method is-config="true" signature="TearDown()[pri:0, instance:Tests.LoginTests.LoginTestCases@152aa092]" started-at="2023-09-05T10:00:42 CST" name="TearDown" finished-at="2023-09-05T10:00:43 CST" duration-ms="332" status="PASS">
          <reporter-output>
          </reporter-output>
        </test-method> <!-- TearDown -->
      </class> <!-- Tests.LoginTests.LoginTestCases -->
    </test> <!-- Default test -->
  </suite> <!-- Default suite -->
</testng-results>
